gmake[3]: warning: jobserver unavailable: using -j1.  Add `+' to parent make rule.
 
                *****************************
              ***   WAVEWATCH III setup     ***
                *****************************
 
 
[INFO] local env file wwatch3.env found in /work2/04637/mdl2665/stampede2/NEMSlite/WW3/model/bin/wwatch3.env
   Setup file /work2/04637/mdl2665/stampede2/NEMSlite/WW3/model/bin/wwatch3.env found
      Printer (listings)          : 
      auxiliary FORTRAN compiler  : gfortran
      auxiliary C compiler        : gcc
      Source directory            : /work2/04637/mdl2665/stampede2/NEMSlite/WW3/model
      Scratch directory           : /work2/04637/mdl2665/stampede2/NEMSlite/WW3/model/tmp
      Save source code            : yes
      Save listings               : yes
 
   Setup makefile for auxiliary programs
 
 
   Compile auxiliary programs
 
 
   Setup comp & link files
      sed /work2/04637/mdl2665/stampede2/NEMSlite/WW3/model/bin/comp.tmpl => /work2/04637/mdl2665/stampede2/NEMSlite/WW3/model/bin/comp
      sed /work2/04637/mdl2665/stampede2/NEMSlite/WW3/model/bin/link.tmpl => /work2/04637/mdl2665/stampede2/NEMSlite/WW3/model/bin/link
 
   Create required model subdirectories
 
Finished setting up WAVEWATCH III
 
 
                *****************************
              ***   WAVEWATCH III make      ***
                *****************************
 
Main directory    : /work2/04637/mdl2665/stampede2/NEMSlite/WW3/model
Scratch directory : /work2/04637/mdl2665/stampede2/NEMSlite/WW3/model/tmp
Save source codes : yes
Save listings     : yes
Shared Object     : No
 
[INFO] list of the programs selected : ww3_multi_esmf
Making makefile ...
 
                *****************************
              ***   WAVEWATCH III makefile  ***
                *****************************
 
switch = /work2/04637/mdl2665/stampede2/NEMSlite/WW3/model/bin/switch
   new directive controlled threading
   Checking all subroutines for modules (this may take a while) ...
 
Processing ww3_multi_esmf
---------------------
ad3 : processing constants 
ad3 : processing scrip_kindsmod [no w3adc]
ad3 : processing w3uqckmd 
ad3 : processing scrip_constants [no w3adc]
ad3 : processing scrip_iounitsmod [no w3adc]
ad3 : processing scrip_timers [no w3adc]
ad3 : processing w3servmd 
ad3 : processing scrip_errormod [no w3adc]
ad3 : processing scrip_netcdfmod [no w3adc]
ad3 : processing scrip_grids [no w3adc]
ad3 : processing w3arrymd 
ad3 : processing w3cspcmd 
ad3 : processing w3gsrumd 
ad3 : processing wmunitmd 
ad3 : processing scrip_remap_vars [no w3adc]
ad3 : processing scrip_remap_write [no w3adc]
ad3 : processing scrip_remap_read [no w3adc]
ad3 : processing scrip_remap_conservative [no w3adc]
ad3 : processing scrip_interface 
ad3 : processing w3gdatmd 
ad3 : processing wmscrpmd 
ad3 : processing w3idatmd 
ad3 : processing w3odatmd 
ad3 : processing w3sbt1md 
ad3 : processing w3timemd 
ad3 : processing w3dispmd 
ad3 : processing wmmdatmd 
ad3 : processing w3adatmd 
ad3 : processing w3src4md 
ad3 : processing w3fldsmd 
ad3 : processing w3fld1md 
ad3 : processing w3sdb1md 
ad3 : processing w3flx1md 
ad3 : processing w3partmd 
ad3 : processing w3nmlmultimd 
ad3 : processing wmfinlmd 
ad3 : processing w3fld2md 
ad3 : processing w3snl1md 
ad3 : processing w3parall 
ad3 : processing w3triamd 
ad3 : processing w3wdatmd 
ad3 : processing w3iogrmd 
ad3 : processing wmupdtmd 
ad3 : processing w3iogomd 
ad3 : processing w3iosfmd 
ad3 : processing w3iotrmd 
ad3 : processing w3pro3md 
ad3 : processing w3profsmd 
ad3 : processing w3srcemd 
ad3 : processing w3wdasmd 
ad3 : processing w3updtmd 
ad3 : processing w3iopomd 
ad3 : processing w3iorsmd 
ad3 : processing wmgridmd 
ad3 : processing w3iobcmd 
ad3 : processing wminiomd 
ad3 : processing w3initmd 
ad3 : processing w3wavemd 
ad3 : processing wmiopomd 
ad3 : processing wmwavemd 
ad3 : processing wminitmd 
ad3 : processing wmesmfmd 
ar: creating libww3_multi_esmf.a
a - wmmdatmd.o
a - w3gdatmd.o
a - w3wdatmd.o
a - w3adatmd.o
a - w3idatmd.o
a - w3odatmd.o
a - wmesmfmd.o
a - wminitmd.o
a - wmwavemd.o
a - wmfinlmd.o
a - wmgridmd.o
a - wmupdtmd.o
a - wminiomd.o
a - w3fldsmd.o
a - w3initmd.o
a - w3wavemd.o
a - w3wdasmd.o
a - w3updtmd.o
a - w3profsmd.o
a - w3pro3md.o
a - w3uqckmd.o
a - w3parall.o
a - w3triamd.o
a - w3srcemd.o
a - w3fld1md.o
a - w3fld2md.o
a - w3flx1md.o
a - w3src4md.o
a - w3snl1md.o
a - w3sbt1md.o
a - w3sdb1md.o
a - w3iogrmd.o
a - w3iogomd.o
a - w3iopomd.o
a - wmiopomd.o
a - w3iotrmd.o
a - w3iorsmd.o
a - w3iobcmd.o
a - w3iosfmd.o
a - w3partmd.o
a - constants.o
a - w3servmd.o
a - w3timemd.o
a - w3arrymd.o
a - w3dispmd.o
a - w3cspcmd.o
a - w3gsrumd.o
a - wmunitmd.o
a - w3nmlmultimd.o
a - scrip_constants.o
a - scrip_grids.o
a - scrip_iounitsmod.o
a - scrip_remap_vars.o
a - scrip_timers.o
a - scrip_errormod.o
a - scrip_interface.o
a - scrip_kindsmod.o
a - scrip_remap_conservative.o
a - wmscrpmd.o
a - scrip_netcdfmod.o
a - scrip_remap_write.o
a - scrip_remap_read.o
 
 
                       **********************
                     *** end of compilation ***
                       **********************
 
